<?xml version="1.0" encoding="UTF-8"?>
<!-- Generated by org.testng.reporters.JUnitXMLReporter -->
<testsuite hostname="divine-PC" ignored="0" name="Test" tests="8" failures="0" timestamp="20 Jul 2017 15:35:06 GMT" time="26.594" errors="0">
  <testcase name="verifylogin" time="1.454" classname="TestNGPackage.NewTest"/>
  <testcase name="verifylogin" time="1.872" classname="TestNGPackage.NewTest"/>
  <testcase name="verifylogin" time="2.076" classname="TestNGPackage.NewTest"/>
  <testcase name="verifylogin" time="2.018" classname="TestNGPackage.NewTest"/>
  <testcase name="verifylogin" time="1.992" classname="TestNGPackage.NewTest"/>
  <testcase name="verifylogin" time="1.936" classname="TestNGPackage.NewTest"/>
  <testcase name="verifylogin" time="1.881" classname="TestNGPackage.NewTest"/>
  <testcase name="verifylogin" time="2.319" classname="TestNGPackage.NewTest"/>
</testsuite> <!-- Test -->
