<?xml version="1.0" encoding="UTF-8"?>
<!-- Generated by org.testng.reporters.JUnitXMLReporter -->
<testsuite hostname="divine-PC" name="Test" tests="16" failures="1" timestamp="30 Oct 2017 12:41:53 GMT" time="355.526" errors="0">
  <testcase name="verifyOrderPdf" time="5.649" classname="guruECommercePackage.VerifyOrderAndPdf"/>
  <testcase name="addToCart" time="6.594" classname="guruECommercePackage.HomePageVerify"/>
  <testcase name="compareToPhoneUsingScrren" time="9.546" classname="guruECommercePackage.HomePageVerify"/>
  <testcase name="compareToPhoneUsingText" time="16.847" classname="guruECommercePackage.HomePageVerify"/>
  <testcase name="costOfProduct" time="3.241" classname="guruECommercePackage.HomePageVerify"/>
  <testcase name="verifylogin" time="2.629" classname="guruECommercePackage.HomePageVerify"/>
  <testcase name="productReview" time="30.811" classname="guruECommercePackage.ProductReview"/>
  <testcase name="searchFunctionality" time="4.974" classname="guruECommercePackage.ProductReview"/>
  <testcase name="verifyFields" time="36.676" classname="guruECommercePackage.ProductReview"/>
  <testcase name="verifySort" time="36.105" classname="guruECommercePackage.ProductReview"/>
  <testcase name="changeAndReOrder" time="14.748" classname="guruECommercePackage.ChangeAndReOrder"/>
  <testcase name="wishList" time="14.435" classname="guruECommercePackage.HomePageVerify"/>
  <testcase name="discountCoupon" time="7.124" classname="guruECommercePackage.ChangeAndReOrder"/>
  <testcase name="purchaseProduct" time="35.419" classname="guruECommercePackage.HomePageVerify">
    <failure type="java.lang.AssertionError" message="expected [Fixed - $0.00] but found [Fixed - $5.00]">
      <![CDATA[java.lang.AssertionError: expected [Fixed - $0.00] but found [Fixed - $5.00]
	at guruECommercePackage.HomePageVerify.purchaseProduct(HomePageVerify.java:406)
	at java.util.concurrent.FutureTask.run(Unknown Source)
	at java.util.concurrent.ThreadPoolExecutor.runWorker(Unknown Source)
	at java.util.concurrent.ThreadPoolExecutor$Worker.run(Unknown Source)
	at java.lang.Thread.run(Unknown Source)
... Removed 21 stack frames]]>
    </failure>
  </testcase> <!-- purchaseProduct -->
  <testcase name="orderInfoEmail" time="17.231" classname="guruECommercePackage.ChangeAndReOrder"/>
  <testcase name="invoicePrint" time="57.677" classname="guruECommercePackage.ChangeAndReOrder"/>
</testsuite> <!-- Test -->
