<?xml version="1.0" encoding="UTF-8"?>
<!-- Generated by org.testng.reporters.JUnitXMLReporter -->
<testsuite hostname="divine-PC" ignored="0" name="Default test" tests="4" failures="0" timestamp="29 Oct 2017 15:37:12 GMT" time="149.482" errors="0">
  <testcase name="productReview" time="62.109" classname="guruECommercePackage.ProductReview"/>
  <testcase name="searchFunctionality" time="5.486" classname="guruECommercePackage.ProductReview"/>
  <testcase name="verifyFields" time="37.536" classname="guruECommercePackage.ProductReview"/>
  <testcase name="verifySort" time="36.563" classname="guruECommercePackage.ProductReview"/>
</testsuite> <!-- Default test -->
